dh_update_autotools_config
dh_auto_configure
dh_auto_build
dh_auto_test
dh_prep
dh_installdirs
dh_auto_install
dh_installdocs
dh_installchangelogs
dh_installman
override_dh_systemd_enable dh_systemd_enable
dh_systemd_enable
override_dh_installinit dh_installinit
dh_installinit
override_dh_systemd_start dh_systemd_start
override_dh_systemd_start dh_systemd_start
dh_systemd_start
dh_perl
dh_link
dh_strip_nondeterminism
dh_compress
dh_fixperms
dh_strip
dh_makeshlibs
dh_shlibdeps
dh_installdeb
dh_gencontrol
dh_md5sums
dh_builddeb
dh_builddeb
